<?xml version="1.0" encoding="UTF-8"?>
<!-- Generated by org.testng.reporters.JUnitXMLReporter -->
<testsuite ignored="0" hostname="Laptop-2991" failures="1" tests="1" name="Step2_Test" time="13.348" errors="0" timestamp="2024-03-21T08:25:57 EDT">
  <testcase classname="UnifyedX.CustomerOnboarding.Tests.OnboardingStep2TEST" name="FirstTesta" time="0.199">
    <failure type="java.lang.AssertionError" message="expected [true] but found [false]">
      <![CDATA[java.lang.AssertionError: expected [true] but found [false]
at UnifyedX.CustomerOnboarding.Tests.OnboardingStep2TEST.FirstTesta(OnboardingStep2TEST.java:35)
at java.base/java.util.ArrayList.forEach(ArrayList.java:1541)
... Removed 31 stack frames]]>
    </failure>
  </testcase> <!-- FirstTesta -->
</testsuite> <!-- Step2_Test -->
