<?xml version="1.0" encoding="UTF-8"?>
<!-- Generated by org.testng.reporters.JUnitXMLReporter -->
<testsuite ignored="0" hostname="Laptop-2991" failures="2" tests="2" name="Test" time="28.064" errors="0" timestamp="2024-03-19T12:24:32 EDT">
  <testcase classname="UnifyedX.CustomerOnboarding.Tests.TestOnboardingStep1" name="FirstTest" time="3.429">
    <failure type="java.lang.Error" message="Unresolved compilation problem: 
	The constructor PageClass_Step2(WebDriver) is undefined
">
      <![CDATA[java.lang.Error: Unresolved compilation problem: 
The constructor PageClass_Step2(WebDriver) is undefined

at UnifyedX.Onboarding.PageClasses.PageClass_Step1.Method_VerifyNextCTA_Click(PageClass_Step1.java:99)
at UnifyedX.CustomerOnboarding.Tests.TestOnboardingStep1.FirstTest(TestOnboardingStep1.java:44)
at java.base/java.util.ArrayList.forEach(ArrayList.java:1541)
... Removed 27 stack frames]]>
    </failure>
  </testcase> <!-- FirstTest -->
  <testcase classname="UnifyedX.CustomerOnboarding.Tests.TestOnboardingStep2" name="FirstTest1" time="0.002">
    <failure type="java.lang.Error" message="Unresolved compilation problem: 
	The constructor PageClass_Step2(WebDriver) is undefined
">
      <![CDATA[java.lang.Error: Unresolved compilation problem: 
The constructor PageClass_Step2(WebDriver) is undefined

at UnifyedX.Onboarding.PageClasses.PageClass_Step1.Method_VerifyNextCTA_Click(PageClass_Step1.java:99)
at UnifyedX.CustomerOnboarding.Tests.TestOnboardingStep2.FirstTest1(TestOnboardingStep2.java:25)
at java.base/java.util.ArrayList.forEach(ArrayList.java:1541)
... Removed 27 stack frames]]>
    </failure>
  </testcase> <!-- FirstTest1 -->
</testsuite> <!-- Test -->
